<?xml version="1.0" encoding="UTF-8"?>
<beans xmlns="http://www.springframework.org/schema/beans"
	xmlns:xsi="http://www.w3.org/2001/XMLSchema-instance"
	xmlns:context="http://www.springframework.org/schema/context"
	xmlns:util="http://www.springframework.org/schema/util"
	xsi:schemaLocation="http://www.springframework.org/schema/beans http://www.springframework.org/schema/beans/spring-beans-3.0.xsd
		http://www.springframework.org/schema/util http://www.springframework.org/schema/util/spring-util-3.1.xsd
		http://www.springframework.org/schema/context http://www.springframework.org/schema/context/spring-context-3.0.xsd">

	<import resource="META-INF/spring/ecis-cts2-context.xml" />

	<bean id="serverContext" class="edu.mayo.cts2.framework.core.config.TestServerContext" />

	<bean id="cts2Marshaller" class="edu.mayo.cts2.framework.core.xml.DelegatingMarshaller"/>
	
	<bean id="urlConstructor" name="urlConstructor" 
		class="edu.mayo.cts2.framework.util.spring.UrlConstructorSpringFactory"/>

	<bean id="pluginConfig"
		class="edu.mayo.cts2.framework.core.config.TestPluginConfigSpringFactory" />

	<bean id="pluginConfigManager"
		class="edu.mayo.cts2.framework.core.plugin.DefaultPluginConfigManager" />

	<bean id="configInitializer"
		class="edu.mayo.cts2.framework.core.config.TestConfigInitializerSpringFactory" />

    <bean id="dataSource" class="com.mchange.v2.c3p0.ComboPooledDataSource">
        <property name="driverClass" value="com.mysql.jdbc.Driver"/>
        <property name="jdbcUrl" value="jdbc:mysql://bmidev4.mayo.edu:3307/ecis"/>
        <property name="user" value="lexgrid"/>
        <property name="password" value="lexgrid"/>
    </bean>
    
    <bean class="org.springframework.beans.factory.config.MethodInvokingFactoryBean">
		<property name="staticMethod">
			<value>org.springframework.util.Log4jConfigurer.initLogging</value>
		</property>
		<property name="arguments">
			<list>
				<value>classpath:testLog4j.properties</value>
			</list>
		</property>
	</bean>

</beans>
